
ROM used:   149/2048 (7%)
            149/2048 (7%) including unused fragments

            0.2 Average locations per line
            7.5 Average locations per statement

RAM used:   15/224 (7%) at main() level
            17/224 (8%) worst case

Stack used: 2 worst case (1 in main + 1 for interrupts)
Stack size: 8

Lines Stmts  %   Files
----- ----- ---  -----
   50    20 100  Slave.c
  518     0   0  C:\Program Files (x86)\PICC\Devices\16f628A.h
  128     0   0  regs_16f87x.h
   99     0   0  regs_16.h
----- -----
  795    20 Total

Page ROM  %  RAM   Vol Diff  Functions:
---- --- --- ---   --- ----  ----------
0     21  14    1             @delay_ms1
0     23  15    1   121  2.6  SerialDataReceive
0     56  38    2   305  3.7  MAIN
 Inline         0             @cinit1

Program metrics:
    Functions               2
    Statements              20
    Comments                110
    Volume (V)              510
    Difficulty (D)          6.0
    Effort to implement (E) 3081
    Time to implement (T)   3 minutes
    Est Delivered Bugs (B)  0
    Cyclomatic Complexity   3
    Maintainability (MI)    61

 Segment     Used  Free
-----------  ----  ----
00000-00003     4  0  
00004-00030    45  0  
00031-007FF   100  1899  



