
ROM used:   734/8192 (9%)
            734/8192 (9%) including unused fragments

            0.8 Average locations per line
            8.5 Average locations per statement

RAM used:   27/368 (7%) at main() level
            46/368 (12%) worst case

Stack used: 4 worst case (4 in main + 0 for interrupts)
Stack size: 8

Lines Stmts  %   Files
----- ----- ---  -----
   44    18  21  encoder1.c
  671     0   0  ..\..\..\..\..\Program Files (x86)\PICC\Devices\16F877a.h
  233    68  79  flex_lcd.c
----- -----
  948    86 Total

Page ROM  %  RAM   Vol Diff  Functions:
---- --- --- ---   --- ----  ----------
0     21   3    1             @delay_ms1
0      8   1    0             @const621
0     41   6    1   328  2.7  lcd_send_nibble
0     37   5    1   362  2.3  lcd_read_nibble
 Inline         3   165  3.3  lcd_read_byte
0     61   8    3   319  4.1  lcd_send_byte
0     48   7    2   384  4.4  lcd_init
 Inline         4   186  5.5  lcd_gotoxy
0     52   7    1   275  3.9  lcd_putc
0    304  41    2   333  6.7  encoder0Loop
0      8   1    0             @const655
 Inline         5             @PSTRINGCN7_644
 Inline         9             @PRINTF_LD_644
0     54   7    0   115  2.0  MAIN
0      8   1    0             @const663
0     88  12    4             @PSTRINGC7_644
 Inline         0             @cinit1

Program metrics:
    Functions               9
    Statements              86
    Comments                158
    Volume (V)              3974
    Difficulty (D)          33.5
    Effort to implement (E) 133010
    Time to implement (T)   2 hours, 3 minutes
    Est Delivered Bugs (B)  1
    Cyclomatic Complexity   11
    Maintainability (MI)    113

 Segment     Used  Free
-----------  ----  ----
00000-00003     4  0  
00004-007FF   730  1314  
00800-00FFF     0  2048  
01000-017FF     0  2048  
01800-01FFF     0  2048  



