
ROM used:   291/8192 (4%)
            291/8192 (4%) including unused fragments

            0.3 Average locations per line
            3.0 Average locations per statement

RAM used:   5/368 (1%) at main() level
            16/368 (4%) worst case

Stack used: 4 worst case (4 in main + 0 for interrupts)
Stack size: 8

Lines Stmts  %   Files
----- ----- ---  -----
   32    13  13  LCD_CARAC.c
  639     0   0  C:\Program Files (x86)\PICC\Devices\16F877.h
  456    84  87  C:\Program Files (x86)\PICC\Drivers\lcd.c
----- -----
 1127    97 Total

Page ROM  %  RAM   Vol Diff  Functions:
---- --- --- ---   --- ----  ----------
0     21   7    1             @delay_ms1
 Inline         3   596  5.9  lcd_read_byte
0      6   2    0    59  4.2  lcd_read_nibble
0     12   4    1   179  3.3  lcd_send_nibble
0     64  22    3   460  4.7  lcd_send_byte
0     62  21    6   814  7.2  lcd_init
0     18   6    4   208  6.3  lcd_gotoxy
0     46  16    1   354  4.7  lcd_putc
0     58  20    0   352  2.3  MAIN
 Inline         0    27  1.0  @cinit1

Program metrics:
    Functions               9
    Statements              97
    Comments                217
    Volume (V)              4674
    Difficulty (D)          39.3
    Effort to implement (E) 183605
    Time to implement (T)   2 hours, 50 minutes
    Est Delivered Bugs (B)  1
    Cyclomatic Complexity   8
    Maintainability (MI)    148

 Segment     Used  Free
-----------  ----  ----
00000-00003     4  0  
00004-007FF   287  1757  
00800-00FFF     0  2048  
01000-017FF     0  2048  
01800-01FFF     0  2048  



