
ROM used:   457/8192 (6%)
            457/8192 (6%) including unused fragments

            0.4 Average locations per line
            5.1 Average locations per statement

RAM used:   9/368 (2%) at main() level
            23/368 (6%) worst case

Stack used: 3 worst case (3 in main + 0 for interrupts)
Stack size: 8

Lines Stmts  %   Files
----- ----- ---  -----
   41    22  25  Master.c
  620     0   0  C:\Program Files (x86)\PICC\Devices\16f876A.h
  128     0   0  regs_16f87x.h
   99     0   0  regs_16.h
  348    67  75  LCD_PORTB.C
----- -----
 1236    89 Total

Page ROM  %  RAM   Vol Diff  Functions:
---- --- --- ---   --- ----  ----------
0     21   5    1             @delay_ms1
0      8   2    0             @const826
 Inline         3   587  6.0  lcd_read_byte
0      6   1    0    59  4.2  lcd_read_nibble
0     12   3    1   172  3.4  lcd_send_nibble
0     59  13    3   317  4.3  lcd_send_byte
0     48  11    2   624  5.8  lcd_init
 Inline         4   186  5.5  lcd_gotoxy
0     52  11    1   272  4.1  lcd_putc
0    110  24    1   601  4.7  MAIN
 Inline         1             @SPRINTF
0    112  25    9             @PRINTF_LU_858
0     25   5    2             @PSTRINGR_9600_62_63
 Inline         0             @cinit1

Program metrics:
    Functions               8
    Statements              89
    Comments                203
    Volume (V)              4299
    Difficulty (D)          36.5
    Effort to implement (E) 156721
    Time to implement (T)   2 hours, 25 minutes
    Est Delivered Bugs (B)  1
    Cyclomatic Complexity   11
    Maintainability (MI)    149

 Segment     Used  Free
-----------  ----  ----
00000-00003     4  0  
00004-007FF   453  1591  
00800-00FFF     0  2048  
01000-017FF     0  2048  
01800-01FFF     0  2048  



