
ROM used:   47/2048 (2%)
            47/2048 (2%) including unused fragments

            0.1 Average locations per line
            4.3 Average locations per statement

RAM used:   6/224 (3%) at main() level
            6/224 (3%) worst case

Stack used: 0 worst case (0 in main + 0 for interrupts)
Stack size: 8

Lines Stmts  %   Files
----- ----- ---  -----
   31    11 100  Slave.c
  518     0   0  C:\Program Files (x86)\PICC\Devices\16f628A.h
  128     0   0  regs_16f87x.h
   99     0   0  regs_16.h
----- -----
  776    11 Total

Page ROM  %  RAM   Vol Diff  Functions:
---- --- --- ---   --- ----  ----------
0     43  91    1   214  3.1  main
 Inline         0             @cinit1

Program metrics:
    Functions               1
    Statements              11
    Comments                110
    Volume (V)              216
    Difficulty (D)          3.0
    Effort to implement (E) 649
    Time to implement (T)   1 minutes
    Est Delivered Bugs (B)  0
    Cyclomatic Complexity   3
    Maintainability (MI)    78

 Segment     Used  Free
-----------  ----  ----
00000-00003     4  0  
00004-007FF    43  2001  



