
ROM used:   332/8192 (4%)
            332/8192 (4%) including unused fragments

            0.3 Average locations per line
            3.2 Average locations per statement

RAM used:   6/368 (2%) at main() level
            15/368 (4%) worst case

Stack used: 3 worst case (3 in main + 0 for interrupts)
Stack size: 8

Lines Stmts  %   Files
----- ----- ---  -----
   77    36  35  LCD-C.c
  589     0   0  C:\Program Files (x86)\PICC\Devices\16F876.h
  348    67  65  LCD_PORTB.C
----- -----
 1014   103 Total

Page ROM  %  RAM    Vol Diff  Functions:
---- --- --- ---    --- ----  ----------
0     20   6    1             @delay_ms1
0      8   2    0             @const604
 Inline         3    587  6.0  lcd_read_byte
0      6   2    0     59  4.2  lcd_read_nibble
0     12   4    1    172  3.4  lcd_send_nibble
0     59  18    3    317  4.3  lcd_send_byte
0     48  14    2    624  5.8  lcd_init
 Inline         4    186  5.5  lcd_gotoxy
0     52  16    1    272  4.1  lcd_putc
0     39  12    0    245  1.8  lcd_symbols1
0     40  12    0    245  1.8  lcd_symbols2
0     44  13    1    223  2.3  MAIN
 Inline         0             @cinit1

Program metrics:
    Functions               10
    Statements              103
    Comments                212
    Volume (V)              4731
    Difficulty (D)          37.9
    Effort to implement (E) 179454
    Time to implement (T)   2 hours, 46 minutes
    Est Delivered Bugs (B)  1
    Cyclomatic Complexity   7
    Maintainability (MI)    139

 Segment     Used  Free
-----------  ----  ----
00000-00003     4  0  
00004-007FF   328  1716  
00800-00FFF     0  2048  
01000-017FF     0  2048  
01800-01FFF     0  2048  



